  Camera.cpp
  Create3Dobject.cpp
  Cubemap.cpp
C:\Users\Kal-E\UnityProjects\VisualStudioProjects\gp23-203-opengl-game-isolo\Cubemap.cpp(80,53): warning C4267: 'argument': conversion from 'size_t' to 'GLsizei', possible loss of data
  CubeTexture.cpp
  Light.cpp
C:\Users\Kal-E\UnityProjects\VisualStudioProjects\gp23-203-opengl-game-isolo\Light.cpp(80,55): warning C4267: 'argument': conversion from 'size_t' to 'GLsizei', possible loss of data
  main.cpp
C:\Users\Kal-E\UnityProjects\VisualStudioProjects\gp23-203-opengl-game-isolo\main.cpp(12,61): warning C4244: 'argument': conversion from 'int' to 'float', possible loss of data
C:\Users\Kal-E\UnityProjects\VisualStudioProjects\gp23-203-opengl-game-isolo\main.cpp(12,48): warning C4244: 'argument': conversion from 'int' to 'float', possible loss of data
  ShapeDefiner.cpp
  ShapeGenerator.cpp
C:\Users\Kal-E\UnityProjects\VisualStudioProjects\gp23-203-opengl-game-isolo\ShapeGenerator.cpp(101,46): warning C4267: 'argument': conversion from 'size_t' to 'GLsizei', possible loss of data
  Skybox.cpp
C:\Users\Kal-E\UnityProjects\VisualStudioProjects\gp23-203-opengl-game-isolo\Skybox.cpp(61,52): warning C4267: 'argument': conversion from 'size_t' to 'GLsizei', possible loss of data
  stb.cpp
  Texture.cpp
  TriangleShader.cpp
C:\Users\Kal-E\UnityProjects\VisualStudioProjects\gp23-203-opengl-game-isolo\TriangleShader.cpp(156,36): warning C4101: 'e': unreferenced local variable
  Window.cpp
  Generating Code...
  glad.c
  LINK : program database C:\Users\Kal-E\UnityProjects\VisualStudioProjects\gp23-203-opengl-game-isolo\x64\Debug\HelloShader.pdb missing; performing full link
glfw3.lib(input.obj) : warning LNK4099: PDB '' was not found with 'glfw3.lib(input.obj)' or at ''; linking object as if no debug info
glfw3.lib(init.obj) : warning LNK4099: PDB '' was not found with 'glfw3.lib(init.obj)' or at ''; linking object as if no debug info
glfw3.lib(window.obj) : warning LNK4099: PDB '' was not found with 'glfw3.lib(window.obj)' or at ''; linking object as if no debug info
glfw3.lib(context.obj) : warning LNK4099: PDB '' was not found with 'glfw3.lib(context.obj)' or at ''; linking object as if no debug info
glfw3.lib(win32_time.obj) : warning LNK4099: PDB '' was not found with 'glfw3.lib(win32_time.obj)' or at ''; linking object as if no debug info
glfw3.lib(win32_thread.obj) : warning LNK4099: PDB '' was not found with 'glfw3.lib(win32_thread.obj)' or at ''; linking object as if no debug info
glfw3.lib(platform.obj) : warning LNK4099: PDB '' was not found with 'glfw3.lib(platform.obj)' or at ''; linking object as if no debug info
glfw3.lib(monitor.obj) : warning LNK4099: PDB '' was not found with 'glfw3.lib(monitor.obj)' or at ''; linking object as if no debug info
glfw3.lib(vulkan.obj) : warning LNK4099: PDB '' was not found with 'glfw3.lib(vulkan.obj)' or at ''; linking object as if no debug info
glfw3.lib(win32_init.obj) : warning LNK4099: PDB '' was not found with 'glfw3.lib(win32_init.obj)' or at ''; linking object as if no debug info
glfw3.lib(null_init.obj) : warning LNK4099: PDB '' was not found with 'glfw3.lib(null_init.obj)' or at ''; linking object as if no debug info
glfw3.lib(win32_module.obj) : warning LNK4099: PDB '' was not found with 'glfw3.lib(win32_module.obj)' or at ''; linking object as if no debug info
glfw3.lib(win32_monitor.obj) : warning LNK4099: PDB '' was not found with 'glfw3.lib(win32_monitor.obj)' or at ''; linking object as if no debug info
glfw3.lib(win32_window.obj) : warning LNK4099: PDB '' was not found with 'glfw3.lib(win32_window.obj)' or at ''; linking object as if no debug info
glfw3.lib(win32_joystick.obj) : warning LNK4099: PDB '' was not found with 'glfw3.lib(win32_joystick.obj)' or at ''; linking object as if no debug info
glfw3.lib(wgl_context.obj) : warning LNK4099: PDB '' was not found with 'glfw3.lib(wgl_context.obj)' or at ''; linking object as if no debug info
glfw3.lib(egl_context.obj) : warning LNK4099: PDB '' was not found with 'glfw3.lib(egl_context.obj)' or at ''; linking object as if no debug info
glfw3.lib(osmesa_context.obj) : warning LNK4099: PDB '' was not found with 'glfw3.lib(osmesa_context.obj)' or at ''; linking object as if no debug info
glfw3.lib(null_monitor.obj) : warning LNK4099: PDB '' was not found with 'glfw3.lib(null_monitor.obj)' or at ''; linking object as if no debug info
glfw3.lib(null_window.obj) : warning LNK4099: PDB '' was not found with 'glfw3.lib(null_window.obj)' or at ''; linking object as if no debug info
glfw3.lib(null_joystick.obj) : warning LNK4099: PDB '' was not found with 'glfw3.lib(null_joystick.obj)' or at ''; linking object as if no debug info
  HelloShader.vcxproj -> C:\Users\Kal-E\UnityProjects\VisualStudioProjects\gp23-203-opengl-game-isolo\x64\Debug\HelloShader.exe
